[17:14:50] [main/INFO]: Loading Minecraft 1.21 with Fabric Loader 0.15.11
[17:14:50] [main/INFO]: Loading 85 mods:
	- fabric-api 0.100.4+1.21
	   |-- fabric-api-base 0.4.42+6573ed8cd1
	   |-- fabric-api-lookup-api-v1 1.6.67+b5597344d1
	   |-- fabric-biome-api-v1 13.0.28+6fc22b99d1
	   |-- fabric-block-api-v1 1.0.22+0af3f5a7d1
	   |-- fabric-block-view-api-v2 1.0.10+6573ed8cd1
	   |-- fabric-blockrenderlayer-v1 1.1.52+0af3f5a7d1
	   |-- fabric-client-tags-api-v1 1.1.15+6573ed8cd1
	   |-- fabric-command-api-v1 1.2.48+f71b366fd1
	   |-- fabric-command-api-v2 2.2.27+6a6dfa19d1
	   |-- fabric-commands-v0 0.2.65+df3654b3d1
	   |-- fabric-content-registries-v0 8.0.14+b5597344d1
	   |-- fabric-convention-tags-v1 2.0.15+7f945d5bd1
	   |-- fabric-convention-tags-v2 2.3.2+78017270d1
	   |-- fabric-crash-report-info-v1 0.2.29+0af3f5a7d1
	   |-- fabric-data-attachment-api-v1 1.1.24+6a6dfa19d1
	   |-- fabric-data-generation-api-v1 20.2.9+16c4ae25d1
	   |-- fabric-dimensions-v1 4.0.0+6fc22b99d1
	   |-- fabric-entity-events-v1 1.6.12+6fc22b99d1
	   |-- fabric-events-interaction-v0 0.7.10+e633f883d1
	   |-- fabric-game-rule-api-v1 1.0.52+6573ed8cd1
	   |-- fabric-item-api-v1 11.0.0+afdfc921d1
	   |-- fabric-item-group-api-v1 4.1.2+78017270d1
	   |-- fabric-key-binding-api-v1 1.0.47+0af3f5a7d1
	   |-- fabric-keybindings-v0 0.2.45+df3654b3d1
	   |-- fabric-lifecycle-events-v1 2.3.11+8f3583aed1
	   |-- fabric-loot-api-v2 3.0.11+6573ed8cd1
	   |-- fabric-message-api-v1 6.0.13+6573ed8cd1
	   |-- fabric-model-loading-api-v1 2.0.0+fe474d6bd1
	   |-- fabric-networking-api-v1 4.2.0+ab7edbacd1
	   |-- fabric-object-builder-api-v1 15.1.12+d1321076d1
	   |-- fabric-particles-v1 4.0.2+6573ed8cd1
	   |-- fabric-recipe-api-v1 5.0.10+65089712d1
	   |-- fabric-registry-sync-v0 5.0.23+78017270d1
	   |-- fabric-renderer-api-v1 3.3.0+0ae0b97dd1
	   |-- fabric-renderer-indigo 1.6.5+48fb1586d1
	   |-- fabric-renderer-registries-v1 3.2.67+df3654b3d1
	   |-- fabric-rendering-data-attachment-v1 0.3.48+73761d2ed1
	   |-- fabric-rendering-fluids-v1 3.1.6+b5597344d1
	   |-- fabric-rendering-v0 1.1.70+df3654b3d1
	   |-- fabric-rendering-v1 5.0.4+5a8c785ed1
	   |-- fabric-resource-conditions-api-v1 4.2.1+d153f344d1
	   |-- fabric-resource-loader-v0 1.1.5+78017270d1
	   |-- fabric-screen-api-v1 2.0.24+b5597344d1
	   |-- fabric-screen-handler-api-v1 1.3.80+b5597344d1
	   |-- fabric-sound-api-v1 1.0.23+6573ed8cd1
	   |-- fabric-transfer-api-v1 5.1.15+3dccd343d1
	   \-- fabric-transitive-access-wideners-v1 6.0.12+6573ed8cd1
	- fabricloader 0.15.11
	   \-- mixinextras 0.3.5
	- floodgate 2.2.3-SNAPSHOT
	   |-- aopalliance_aopalliance 1.0
	   |-- cloud 2.0.0-SNAPSHOT
	   |    |-- fabric-permissions-api-v0 0.3.1
	   |    |-- io_leangen_geantyref_geantyref 1.3.15
	   |    |-- org_incendo_cloud-brigadier 2.0.0-beta.8
	   |    |-- org_incendo_cloud-core 2.0.0-rc.2
	   |    |-- org_incendo_cloud-minecraft-modded-common-fabric-repack_ 2.0.0-SNAPSHOT
	   |    \-- org_incendo_cloud-services 2.0.0-rc.2
	   |-- jakarta_inject_jakarta_inject-api 2.0.1
	   |-- javax_inject_javax_inject 1
	   |-- org_geysermc_cumulus_cumulus 1.1.2
	   |-- org_geysermc_event_events 1.1-SNAPSHOT
	   |-- org_geysermc_geyser_common 2.2.3-SNAPSHOT
	   |-- org_java-websocket_java-websocket 1.5.2
	   \-- org_lanternpowered_lmbda 2.0.0
	- geyser-fabric 2.4.0-SNAPSHOT
	   |-- com_fasterxml_jackson_core_jackson-annotations 2.17.0
	   |-- com_fasterxml_jackson_core_jackson-core 2.17.0
	   |-- com_fasterxml_jackson_core_jackson-databind 2.17.0
	   |-- com_fasterxml_jackson_dataformat_jackson-dataformat-yaml 2.17.0
	   |-- com_nukkitx_natives 1.0.3
	   |-- io_airlift_aircompressor 0.25
	   |-- io_netty_netty-codec-dns 4.1.107
	   |-- io_netty_netty-codec-haproxy 4.1.107
	   |-- io_netty_netty-resolver-dns-classes-macos 4.1.107
	   |-- net_bytebuddy_byte-buddy 1.14.9
	   |-- net_jodah_expiringmap 0.5.10
	   |-- net_kyori_adventure-api 4.15.0
	   |-- net_kyori_adventure-key 4.15.0
	   |-- net_kyori_adventure-nbt 4.15.0
	   |-- net_kyori_adventure-text-serializer-gson 4.15.0
	   |-- net_kyori_adventure-text-serializer-json 4.15.0
	   |-- net_kyori_adventure-text-serializer-json-legacy-impl 4.15.0
	   |-- net_kyori_adventure-text-serializer-legacy 4.15.0
	   |-- net_kyori_adventure-text-serializer-plain 4.15.0
	   |-- net_kyori_examination-api 1.3.0
	   |-- net_kyori_examination-string 1.3.0
	   |-- net_kyori_option 1.0.0
	   |-- org_bitbucket_b_c_jose4j 0.9.3
	   |-- org_cloudburstmc_math_api 2.0
	   |-- org_cloudburstmc_math_immutable 2.0
	   |-- org_cloudburstmc_nbt 3.0.3
	   |-- org_geysermc_api_base-api 1.0.0-SNAPSHOT
	   |-- org_geysermc_cumulus_cumulus 1.1.2
	   |-- org_geysermc_event_events 1.1-SNAPSHOT
	   |-- org_lanternpowered_lmbda 2.0.0
	   \-- org_yaml_snakeyaml 2.2
	- java 22
	- minecraft 1.21
[17:14:50] [main/INFO]: SpongePowered MIXIN Subsystem Version=0.8.5 Source=file:/home/thomas/Documents/minecraft-server/libraries/net/fabricmc/sponge-mixin/0.13.3+mixin.0.8.5/sponge-mixin-0.13.3+mixin.0.8.5.jar Service=Knot/Fabric Env=SERVER
[17:14:50] [main/INFO]: Compatibility level set to JAVA_17
[17:14:50] [main/INFO]: Compatibility level set to JAVA_21
[17:14:50] [main/INFO]: Initializing MixinExtras via com.llamalad7.mixinextras.service.MixinExtrasServiceImpl(version=0.3.5).
[17:14:58] [main/INFO]: Loading extensions...
[17:14:58] [main/INFO]: Loaded 0 extension(s)
[17:14:58] [main/INFO]: Environment: Environment[sessionHost=https://sessionserver.mojang.com, servicesHost=https://api.minecraftservices.com, name=PROD]
[17:14:59] [main/INFO]: Loaded 1290 recipes
[17:15:00] [main/INFO]: Loaded 1399 advancements
[17:15:00] [main/INFO]: Applied 0 biome modifications to 0 of 64 new biomes in 1.185 ms
[17:15:00] [Server thread/INFO]: Starting minecraft server version 1.21
[17:15:00] [Server thread/INFO]: Loading properties
[17:15:00] [Server thread/INFO]: Default game type: SURVIVAL
[17:15:00] [Server thread/INFO]: Generating keypair
[17:15:00] [Server thread/INFO]: Starting Minecraft server on *:25565
[17:15:00] [Server thread/INFO]: Using epoll channel type
[17:15:00] [Server thread/INFO]: Preparing level "world"
[17:15:02] [Server thread/INFO]: Preparing start region for dimension minecraft:overworld
[17:15:03] [Worker-Main-2/INFO]: Preparing spawn area: 0%
[17:15:03] [Server thread/INFO]: Time elapsed: 614 ms
[17:15:03] [Server thread/INFO]: Done (2.535s)! For help, type "help"
[17:15:03] [Server thread/INFO]: Took 74ms to boot Floodgate
[17:15:03] [Server thread/INFO]: ******************************************
[17:15:03] [Server thread/INFO]: 
[17:15:03] [Server thread/INFO]: Loading Geyser version 2.4.0-b584 (git-master-ca2312c) (git-master-ca2312c)
[17:15:03] [Server thread/INFO]: 
[17:15:03] [Server thread/INFO]: ******************************************
[17:15:05] [epollEventLoopGroup-3-1/INFO]: Started Geyser on 0.0.0.0:45298
[17:15:05] [Server thread/INFO]: Done (2.209s)! Run /geyser help for help!
[17:15:05] [Server thread/WARN]: Can't keep up! Is the server overloaded? Running 2305ms or 46 ticks behind
[17:15:09] [User Authenticator #1/INFO]: UUID of player RiskyINIT is ba656fe4-0408-440c-aa7e-056849944e0f
[17:15:10] [Server thread/INFO]: RiskyINIT[/127.0.0.1:32990] logged in with entity id 2 at (-57.5, 76.0, 53.5)
[17:15:10] [Server thread/INFO]: RiskyINIT joined the game
[17:16:18] [Server thread/INFO]: RiskyINIT lost connection: Disconnected
[17:16:18] [Server thread/INFO]: RiskyINIT left the game
[17:28:03] [Server thread/INFO]: Stopping the server
[17:28:03] [Server thread/INFO]: Shutting down Geyser.
[17:28:03] [Server thread/INFO]: Geyser shutdown successfully.
[17:28:03] [WebSocketConnectReadThread-102/INFO]: The skin uploader has been closed
[17:28:05] [Server thread/INFO]: Stopping server
[17:28:05] [Server thread/INFO]: Saving players
[17:28:05] [Server thread/INFO]: Saving worlds
[17:28:05] [Server thread/INFO]: Saving chunks for level 'ServerLevel[world]'/minecraft:overworld
[17:28:05] [Server thread/INFO]: Saving chunks for level 'ServerLevel[world]'/minecraft:the_nether
[17:28:05] [Server thread/INFO]: Saving chunks for level 'ServerLevel[world]'/minecraft:the_end
[17:28:05] [Server thread/INFO]: ThreadedAnvilChunkStorage (world): All chunks are saved
[17:28:05] [Server thread/INFO]: ThreadedAnvilChunkStorage (DIM-1): All chunks are saved
[17:28:05] [Server thread/INFO]: ThreadedAnvilChunkStorage (DIM1): All chunks are saved
[17:28:05] [Server thread/INFO]: ThreadedAnvilChunkStorage: All dimensions are saved
